# /home/btan/Software/WHAM/wham/wham/wham 1.0 2.0 100 1e-06 300 0 /home/btan/Documents/BD2_DCAF16_v2/umbrella_sampling/Boresch/results/backbone_RMSD/thetaB/run3//metafile.txt /home/btan/Documents/BD2_DCAF16_v2/umbrella_sampling/Boresch/results/backbone_RMSD/thetaB/run3//pmf.txt
#Number of windows = 11
#Iteration 10:  0.053760
#Iteration 20:  0.007225
#Iteration 30:  0.000944
#Iteration 40:  0.000123
#Iteration 50:  0.000016
#Iteration 60:  0.000002
# Dumping simulation biases, in the metadata file order 
# Window  F (free energy units)
# 0	0.000000
# 1	-2.881848
# 2	-4.945092
# 3	-6.183405
# 4	-6.597252
# 5	-6.199426
# 6	-5.019670
# 7	-3.097944
# 8	-0.463585
# 9	2.872056
# 10	6.901328
# No MC error analysis requested
