# /home/btan/Software/WHAM/wham/wham/wham -2.5 -1.5 200 1e-06 300 0 /home/btan/Documents/BD2_DCAF16_v2/umbrella_sampling/Boresch/results/backbone_RMSD/phiA/run1//metafile.txt /home/btan/Documents/BD2_DCAF16_v2/umbrella_sampling/Boresch/results/backbone_RMSD/phiA/run1//pmf.txt
#Number of windows = 11
#Iteration 10:  0.126910
#Iteration 20:  0.029433
#Iteration 30:  0.008004
#Iteration 40:  0.002184
#Iteration 50:  0.000596
#Iteration 60:  0.000162
#Iteration 70:  0.000044
#Iteration 80:  0.000012
#Iteration 90:  0.000003
#Iteration 100:  0.000001
-2.497500	inf	0.000000
-2.492500	inf	0.000000
-2.487500	inf	0.000000
-2.482500	inf	0.000000
-2.477500	inf	0.000000
-2.472500	inf	0.000000
-2.467500	inf	0.000000
-2.462500	inf	0.000000
-2.457500	inf	0.000000
-2.452500	inf	0.000000
-2.447500	inf	0.000000
-2.442500	inf	0.000000
-2.437500	inf	0.000000
-2.432500	inf	0.000000
-2.427500	inf	0.000000
-2.422500	inf	0.000000
-2.417500	inf	0.000000
-2.412500	inf	0.000000
-2.407500	inf	0.000000
-2.402500	inf	0.000000
-2.397500	inf	0.000000
-2.392500	inf	0.000000
-2.387500	inf	0.000000
-2.382500	inf	0.000000
-2.377500	inf	0.000000
-2.372500	inf	0.000000
-2.367500	inf	0.000000
-2.362500	inf	0.000000
-2.357500	inf	0.000000
-2.352500	inf	0.000000
-2.347500	inf	0.000000
-2.342500	inf	0.000000
-2.337500	inf	0.000000
-2.332500	inf	0.000000
-2.327500	inf	0.000000
-2.322500	inf	0.000000
-2.317500	14.677851	0.003222
-2.312500	14.998734	0.001879
-2.307500	inf	0.000000
-2.302500	inf	0.000000
-2.297500	14.709952	0.003052
-2.292500	inf	0.000000
-2.287500	13.548086	0.021522
-2.282500	13.442314	0.025710
-2.277500	13.466936	0.024667
-2.272500	13.223735	0.037125
-2.267500	12.761294	0.080775
-2.262500	12.995869	0.054453
-2.257500	12.150496	0.225526
-2.252500	12.238048	0.194661
-2.247500	11.783244	0.418130
-2.242500	11.532062	0.637806
-2.237500	11.429054	0.758387
-2.232500	10.991912	1.581354
-2.227500	10.669223	2.720263
-2.222500	10.424550	4.104275
-2.217500	10.232952	5.663879
-2.212500	10.119632	6.852422
-2.207500	9.789747	11.931055
-2.202500	9.593143	16.603928
-2.197500	9.268572	28.652779
-2.192500	9.078569	39.434773
-2.187500	8.873254	55.689271
-2.182500	8.653662	80.553784
-2.177500	8.361501	131.637888
-2.172500	8.214286	168.599418
-2.167500	8.024933	231.789785
-2.162500	7.794374	341.519653
-2.157500	7.581279	488.638082
-2.152500	7.354422	715.494025
-2.147500	7.200066	927.459723
-2.142500	6.918490	1488.886462
-2.137500	6.754654	1960.970661
-2.132500	6.554245	2746.510785
-2.127500	6.314093	4112.502185
-2.122500	6.086744	6026.760319
-2.117500	5.884035	8473.698925
-2.112500	5.727136	11031.087156
-2.107500	5.540832	15087.989781
-2.102500	5.361795	20386.288222
-2.097500	5.204051	26576.686273
-2.092500	5.041390	34934.318257
-2.087500	4.884266	45494.814892
-2.082500	4.716405	60326.785910
-2.077500	4.479572	89828.088609
-2.072500	4.322129	117045.446943
-2.067500	4.140654	158796.695669
-2.062500	4.006896	198834.822674
-2.057500	3.756864	302712.240085
-2.052500	3.622762	379255.707666
-2.047500	3.440083	515582.988251
-2.042500	3.282735	671694.799533
-2.037500	3.049656	993877.533269
-2.032500	2.909165	1258633.785659
-2.027500	2.690770	1816939.237762
-2.022500	2.537961	2349088.231042
-2.017500	2.348217	3231642.090629
-2.012500	2.180886	4281390.495186
-2.007500	2.032568	5493709.920213
-2.002500	1.870258	7217076.304210
-1.997500	1.749050	8848091.987505
-1.992500	1.579055	11774856.089334
-1.987500	1.474997	14025696.792054
-1.982500	1.328361	17946377.943024
-1.977500	1.210513	21878275.879595
-1.972500	1.123587	25320587.549220
-1.967500	1.011929	30548558.223811
-1.962500	0.919967	35655657.739434
-1.957500	0.834734	41148379.677852
-1.952500	0.760994	46578753.409847
-1.947500	0.674024	53911394.917854
-1.942500	0.580106	63131535.004406
-1.937500	0.563777	64888451.416885
-1.932500	0.512727	70702774.056537
-1.927500	0.478437	74898072.362935
-1.922500	0.401058	85302429.191299
-1.917500	0.374085	89259216.626744
-1.912500	0.315508	98495779.863893
-1.907500	0.256725	108725937.400577
-1.902500	0.220001	115649516.382766
-1.897500	0.196505	120308644.233166
-1.892500	0.149220	130261885.316287
-1.887500	0.141921	131870046.313519
-1.882500	0.106501	139960368.740538
-1.877500	0.081937	145860683.522959
-1.872500	0.086734	144689262.662884
-1.867500	0.089487	144021013.788780
-1.862500	0.067610	149416173.804093
-1.857500	0.035918	157592190.683232
-1.852500	0.075896	147349441.697632
-1.847500	0.000000	167400547.717803
-1.842500	0.061630	150925663.382877
-1.837500	0.059341	151507733.711358
-1.832500	0.041653	156080178.398065
-1.827500	0.093140	143139452.427887
-1.822500	0.054692	152696397.946662
-1.817500	0.062807	150627411.319126
-1.812500	0.070256	148753134.768706
-1.807500	0.087525	144497040.712786
-1.802500	0.149774	130140737.341609
-1.797500	0.156951	128579958.268973
-1.792500	0.187769	122088517.656321
-1.787500	0.257723	108543681.968277
-1.782500	0.272302	105915721.288711
-1.777500	0.332682	95692981.997715
-1.772500	0.395859	86051203.778618
-1.767500	0.481066	74567805.101742
-1.762500	0.525140	69242824.974862
-1.757500	0.616589	59376023.568539
-1.752500	0.718426	50033905.708204
-1.747500	0.813988	42608756.506154
-1.742500	0.928239	35163234.919838
-1.737500	1.057578	28292029.850022
-1.732500	1.172258	23331428.673831
-1.727500	1.373215	16642980.335112
-1.722500	1.457799	14437098.082733
-1.717500	1.628954	10827471.914418
-1.712500	1.781367	8380236.330673
-1.707500	1.959527	6211400.875958
-1.702500	2.114853	4784013.407052
-1.697500	2.290910	3558450.685486
-1.692500	2.533525	2366670.184847
-1.687500	2.747568	1651483.141649
-1.682500	2.813682	1477771.249234
-1.677500	3.052260	989535.440443
-1.672500	3.282598	671848.866106
-1.667500	3.420531	532810.121678
-1.662500	3.560424	421155.799145
-1.657500	3.860758	254203.625677
-1.652500	4.094387	171640.275820
-1.647500	4.391728	104122.070832
-1.642500	4.675989	64567.829452
-1.637500	4.850709	48134.963249
-1.632500	5.152205	28996.852880
-1.627500	5.290030	23000.148684
-1.622500	5.758804	10459.216837
-1.617500	6.013399	6817.573932
-1.612500	6.369671	3745.679281
-1.607500	6.007648	6883.808202
-1.602500	7.121723	1058.010400
-1.597500	inf	0.000000
-1.592500	inf	0.000000
-1.587500	inf	0.000000
-1.582500	inf	0.000000
-1.577500	inf	0.000000
-1.572500	inf	0.000000
-1.567500	inf	0.000000
-1.562500	inf	0.000000
-1.557500	inf	0.000000
-1.552500	inf	0.000000
-1.547500	inf	0.000000
-1.542500	inf	0.000000
-1.537500	inf	0.000000
-1.532500	inf	0.000000
-1.527500	inf	0.000000
-1.522500	inf	0.000000
-1.517500	inf	0.000000
-1.512500	inf	0.000000
-1.507500	inf	0.000000
-1.502500	inf	0.000000

# Dumping simulation biases, in the metadata file order 
# Window  F (free energy units)
# 0	0.000000
# 1	-3.648823
# 2	-6.807239
# 3	-9.363787
# 4	-11.249779
# 5	-12.472029
# 6	-13.073686
# 7	-13.080271
# 8	-12.463971
# 9	-11.166482
# 10	-9.145081
# Dumping simulation biases, in the metadata file order 
# Window  F (free energy units)
# 0	0.000000
# 1	-3.648823
# 2	-6.807240
# 3	-9.363789
# 4	-11.249781
# 5	-12.472032
# 6	-13.073690
# 7	-13.080276
# 8	-12.463977
# 9	-11.166488
# 10	-9.145087
# No MC error analysis requested
