# /home/btan/Software/WHAM/wham/wham/wham 2.5 3.5 200 1e-06 300 0 /home/btan/Documents/BD2_DCAF16_v2/umbrella_sampling/Boresch/results/backbone_RMSD/phiC/run1//metafile.txt /home/btan/Documents/BD2_DCAF16_v2/umbrella_sampling/Boresch/results/backbone_RMSD/phiC/run1//pmf.txt
#Number of windows = 10
#Iteration 10:  0.003585
#Iteration 20:  0.000209
#Iteration 30:  0.000044
#Iteration 40:  0.000009
#Iteration 50:  0.000002
# Dumping simulation biases, in the metadata file order 
# Window  F (free energy units)
# 0	0.000000
# 1	-3.530449
# 2	-6.312240
# 3	-8.350486
# 4	-9.647209
# 5	-10.204693
# 6	-10.029790
# 7	-7.514353
# 8	-5.162594
# 9	-2.056882
# No MC error analysis requested
