# /home/btan/Software/WHAM/wham/wham/wham 2.5 3.5 200 1e-06 300 0 /home/btan/Documents/BD2_DCAF16_v2/umbrella_sampling/Boresch/results/backbone_RMSD/phiC/run3//metafile.txt /home/btan/Documents/BD2_DCAF16_v2/umbrella_sampling/Boresch/results/backbone_RMSD/phiC/run3//pmf.txt
#Number of windows = 10
#Iteration 10:  0.038576
#Iteration 20:  0.007206
#Iteration 30:  0.001650
#Iteration 40:  0.000379
#Iteration 50:  0.000087
#Iteration 60:  0.000020
#Iteration 70:  0.000005
#Iteration 80:  0.000001
# Dumping simulation biases, in the metadata file order 
# Window  F (free energy units)
# 0	0.000000
# 1	-3.273040
# 2	-5.883077
# 3	-9.051290
# 4	-9.557865
# 5	-9.345736
# 6	-8.420955
# 7	-6.779660
# 8	-4.432403
# 9	-1.424348
# No MC error analysis requested
