# /home/btan/Software/WHAM/wham/wham/wham 1.0 2.0 200 1e-06 300 0 /home/btan/Documents/BD2_DCAF16_v2/umbrella_sampling/Boresch/results/backbone_RMSD/thetaA/run1/RED/metafile.txt /home/btan/Documents/BD2_DCAF16_v2/umbrella_sampling/Boresch/results/backbone_RMSD/thetaA/run1/RED/pmf.txt
#Number of windows = 11
#Iteration 10:  0.049851
#Iteration 20:  0.010122
#Iteration 30:  0.002035
#Iteration 40:  0.000395
#Iteration 50:  0.000075
#Iteration 60:  0.000014
#Iteration 70:  0.000003
#Iteration 80:  0.000001
# Dumping simulation biases, in the metadata file order 
# Window  F (free energy units)
# 0	0.000000
# 1	-3.348553
# 2	-5.853656
# 3	-7.528686
# 4	-8.385282
# 5	-8.429768
# 6	-7.662870
# 7	-6.081377
# 8	-3.684009
# 9	-0.594796
# 10	2.318952
# No MC error analysis requested
