# /home/btan/Software/WHAM/wham/wham/wham 1.0 2.0 200 1e-06 300 0 /home/btan/Documents/BD2_DCAF16_v2/umbrella_sampling/Boresch/results/backbone_RMSD/thetaA/run1//metafile.txt /home/btan/Documents/BD2_DCAF16_v2/umbrella_sampling/Boresch/results/backbone_RMSD/thetaA/run1//pmf.txt
#Number of windows = 11
#Iteration 10:  0.056232
#Iteration 20:  0.009123
#Iteration 30:  0.001240
#Iteration 40:  0.000167
#Iteration 50:  0.000023
#Iteration 60:  0.000003
#Iteration 70:  0.000000
# Dumping simulation biases, in the metadata file order 
# Window  F (free energy units)
# 0	0.000000
# 1	-3.243680
# 2	-5.685630
# 3	-7.325207
# 4	-8.167021
# 5	-8.215375
# 6	-7.473721
# 7	-5.949206
# 8	-3.661186
# 9	-0.673572
# 10	2.706265
# No MC error analysis requested
