# /home/btan/Software/WHAM/wham/wham/wham -1.8 -0.6 200 1e-06 300 0 /home/btan/Documents/BD2_DCAF16_v2/umbrella_sampling/Boresch/results/backbone_RMSD/phiB/run3//metafile.txt /home/btan/Documents/BD2_DCAF16_v2/umbrella_sampling/Boresch/results/backbone_RMSD/phiB/run3//pmf.txt
#Number of windows = 11
#Iteration 10:  0.331492
#Iteration 20:  0.093407
#Iteration 30:  0.033422
#Iteration 40:  0.012951
#Iteration 50:  0.005127
#Iteration 60:  0.002040
#Iteration 70:  0.000813
#Iteration 80:  0.000324
#Iteration 90:  0.000129
#Iteration 100:  0.000051
-1.797000	inf	0.000000
-1.791000	inf	0.000000
-1.785000	inf	0.000000
-1.779000	inf	0.000000
-1.773000	inf	0.000000
-1.767000	inf	0.000000
-1.761000	inf	0.000000
-1.755000	inf	0.000000
-1.749000	inf	0.000000
-1.743000	inf	0.000000
-1.737000	inf	0.000000
-1.731000	inf	0.000000
-1.725000	inf	0.000000
-1.719000	inf	0.000000
-1.713000	inf	0.000000
-1.707000	inf	0.000000
-1.701000	inf	0.000000
-1.695000	inf	0.000000
-1.689000	inf	0.000000
-1.683000	inf	0.000000
-1.677000	inf	0.000000
-1.671000	inf	0.000000
-1.665000	inf	0.000000
-1.659000	inf	0.000000
-1.653000	inf	0.000000
-1.647000	inf	0.000000
-1.641000	inf	0.000000
-1.635000	inf	0.000000
-1.629000	inf	0.000000
-1.623000	inf	0.000000
-1.617000	inf	0.000000
-1.611000	19.974097	0.004026
-1.605000	inf	0.000000
-1.599000	inf	0.000000
-1.593000	inf	0.000000
-1.587000	19.904073	0.004529
-1.581000	18.949813	0.022527
-1.575000	18.271552	0.070450
-1.569000	18.134775	0.088662
-1.563000	17.838328	0.145935
-1.557000	17.534779	0.243091
-1.551000	17.261518	0.384827
-1.545000	16.841494	0.779663
-1.539000	16.705063	0.980639
-1.533000	16.330857	1.839508
-1.527000	15.981867	3.307382
-1.521000	15.770951	4.714822
-1.515000	15.396755	8.844014
-1.509000	15.008245	16.993543
-1.503000	14.905367	20.201841
-1.497000	14.683287	29.344174
-1.491000	14.366357	49.991857
-1.485000	14.055576	84.292187
-1.479000	13.790626	131.587869
-1.473000	13.578903	187.839204
-1.467000	13.335560	282.774360
-1.461000	13.111960	411.795338
-1.455000	12.866648	621.975390
-1.449000	12.568068	1027.432734
-1.443000	12.379255	1411.231725
-1.437000	12.178435	1977.916558
-1.431000	11.894593	3187.346496
-1.425000	11.724108	4245.147006
-1.419000	11.459767	6620.286925
-1.413000	11.221811	9876.392691
-1.407000	11.022747	13801.515954
-1.401000	10.786412	20533.577671
-1.395000	10.572967	29396.275999
-1.389000	10.367836	41500.144995
-1.383000	10.129311	61970.656325
-1.377000	9.885846	93310.392184
-1.371000	9.639864	141094.733107
-1.365000	9.431930	200131.130370
-1.359000	9.174267	308619.422784
-1.353000	8.974311	431919.181567
-1.347000	8.724498	657325.698075
-1.341000	8.459993	1025378.733457
-1.335000	8.203360	1578487.191526
-1.329000	7.928995	2503474.802513
-1.323000	7.727158	3514761.616181
-1.317000	7.398479	6107325.257943
-1.311000	7.155912	9182025.222276
-1.305000	6.941485	13166878.498786
-1.299000	6.626264	22367235.491325
-1.293000	6.387903	33390998.172779
-1.287000	6.108669	53393244.538425
-1.281000	5.893558	76653051.564381
-1.275000	5.671031	111426202.081085
-1.269000	5.488322	151486913.930433
-1.263000	5.265793	220208405.598171
-1.257000	4.989305	350498688.277072
-1.251000	4.874695	424969841.328336
-1.245000	4.655086	614731726.499908
-1.239000	4.467955	841979857.731630
-1.233000	4.269811	1174783928.166066
-1.227000	4.062284	1665193840.542067
-1.221000	3.887813	2232744384.896771
-1.215000	3.707541	3023066099.579129
-1.209000	3.482578	4412485693.039177
-1.203000	3.303948	5957907437.890615
-1.197000	3.076821	8727899229.404755
-1.191000	2.885603	12036764525.095263
-1.185000	2.639727	18197572164.855125
-1.179000	2.440900	25419589349.025227
-1.173000	2.253922	34807542966.069717
-1.167000	2.052986	48794177910.426140
-1.161000	1.844038	69328564729.160431
-1.155000	1.642370	97306332409.526657
-1.149000	1.454433	133458343759.861084
-1.143000	1.315771	168491144805.117188
-1.137000	1.139327	226668509176.744659
-1.131000	0.998565	287181219707.991028
-1.125000	0.822342	386196813447.181702
-1.119000	0.713044	464090733857.022888
-1.113000	0.643171	521931835476.791565
-1.107000	0.520449	641517212807.517822
-1.101000	0.424204	754175614424.149048
-1.095000	0.314397	907063170453.170654
-1.089000	0.277160	965656970950.162964
-1.083000	0.210894	1079445405651.058472
-1.077000	0.177881	1141044592174.063721
-1.071000	0.118063	1261748275785.804932
-1.065000	0.090767	1320993060047.295166
-1.059000	0.044943	1426773589132.761475
-1.053000	0.061404	1387832564977.311768
-1.047000	0.056595	1399096688881.384521
-1.041000	0.041331	1435462626955.821045
-1.035000	0.026690	1471230030651.080078
-1.029000	0.009861	1513445140539.066406
-1.023000	0.029700	1463804593778.804688
-1.017000	0.042453	1432757610470.775635
-1.011000	0.038745	1441715765257.377686
-1.005000	0.024769	1475989399446.765869
-0.999000	0.006720	1521457271274.593994
-0.993000	0.000000	1538741515889.446533
-0.987000	0.078720	1348017879696.819092
-0.981000	0.082935	1338499665751.242432
-0.975000	0.118086	1261700862553.655029
-0.969000	0.175967	1144720242427.676025
-0.963000	0.284884	953199393967.800903
-0.957000	0.359843	840348215552.829102
-0.951000	0.488210	677242151695.651367
-0.945000	0.568705	591531683655.875366
-0.939000	0.719035	459440145980.362488
-0.933000	0.870489	356171212299.803040
-0.927000	0.981600	295488806579.507324
-0.921000	1.112953	236944200591.400482
-0.915000	1.296987	173896360927.740509
-0.909000	1.456197	133063301476.202393
-0.903000	1.632779	98887931562.530243
-0.897000	1.797957	74912414721.975113
-0.891000	1.977715	55375758420.398972
-0.885000	2.150085	41445787188.586456
-0.879000	2.279128	33363452601.845291
-0.873000	2.445944	25204969912.731205
-0.867000	2.657928	17649220690.398895
-0.861000	2.781881	14329560330.692617
-0.855000	3.008740	9786158786.457596
-0.849000	3.206984	7012661763.663815
-0.843000	3.317956	5819248759.122908
-0.837000	3.572940	3790651324.202968
-0.831000	3.777712	2686697933.321924
-0.825000	4.007240	1826628000.607171
-0.819000	4.162471	1407092057.471543
-0.813000	4.423330	907570094.871579
-0.807000	4.633936	636980677.284797
-0.801000	4.887023	416253737.840747
-0.795000	5.115039	283721994.112761
-0.789000	5.419932	169943066.304994
-0.783000	5.642989	116804426.324952
-0.777000	5.893814	76620063.511143
-0.771000	6.113917	52924290.510933
-0.765000	6.413492	31985106.939830
-0.759000	6.620443	22587172.319351
-0.753000	6.708849	19467944.236115
-0.747000	6.965292	12650336.453343
-0.741000	7.488813	5246883.100828
-0.735000	7.411708	5973009.303261
-0.729000	7.706196	3640822.393762
-0.723000	7.778667	3223230.637736
-0.717000	8.742581	637645.090215
-0.711000	8.154886	1712497.418375
-0.705000	8.629714	770864.874952
-0.699000	9.342366	232649.072276
-0.693000	9.398080	211849.422324
-0.687000	inf	0.000000
-0.681000	9.499233	178722.509471
-0.675000	9.544640	165588.263689
-0.669000	inf	0.000000
-0.663000	inf	0.000000
-0.657000	inf	0.000000
-0.651000	inf	0.000000
-0.645000	inf	0.000000
-0.639000	inf	0.000000
-0.633000	inf	0.000000
-0.627000	inf	0.000000
-0.621000	inf	0.000000
-0.615000	inf	0.000000
-0.609000	inf	0.000000
-0.603000	inf	0.000000

# Dumping simulation biases, in the metadata file order 
# Window  F (free energy units)
# 0	0.000000
# 1	-7.653525
# 2	-10.977277
# 3	-13.803369
# 4	-15.998987
# 5	-17.497458
# 6	-18.306202
# 7	-17.953575
# 8	-16.761447
# 9	-14.879641
# 10	-12.359765
#Iteration 110:  0.000021
#Iteration 120:  0.000008
#Iteration 130:  0.000003
#Iteration 140:  0.000001
# Dumping simulation biases, in the metadata file order 
# Window  F (free energy units)
# 0	0.000000
# 1	-7.653739
# 2	-10.977581
# 3	-13.803745
# 4	-15.999424
# 5	-17.497961
# 6	-18.306791
# 7	-17.954349
# 8	-16.762281
# 9	-14.880518
# 10	-12.360671
# No MC error analysis requested
