# /home/btan/Software/WHAM/wham/wham/wham 1.0 2.0 200 1e-06 300 0 /home/btan/Documents/BD2_DCAF16_v2/umbrella_sampling/Boresch/results/backbone_RMSD/thetaA/run2//metafile.txt /home/btan/Documents/BD2_DCAF16_v2/umbrella_sampling/Boresch/results/backbone_RMSD/thetaA/run2//pmf.txt
#Number of windows = 11
#Iteration 10:  0.013395
#Iteration 20:  0.000104
#Iteration 30:  0.000029
#Iteration 40:  0.000005
#Iteration 50:  0.000001
# Dumping simulation biases, in the metadata file order 
# Window  F (free energy units)
# 0	0.000000
# 1	-2.526762
# 2	-4.684442
# 3	-6.194724
# 4	-6.972661
# 5	-7.016359
# 6	-6.314642
# 7	-4.849040
# 8	-2.618493
# 9	0.355140
# 10	4.041846
# No MC error analysis requested
