# /home/btan/Software/WHAM/wham/wham/wham -2.4 -1.5 200 1e-06 300 0 /home/btan/Documents/BD2_DCAF16_v2/umbrella_sampling/Boresch/results/backbone_RMSD/phiA/run3//metafile.txt /home/btan/Documents/BD2_DCAF16_v2/umbrella_sampling/Boresch/results/backbone_RMSD/phiA/run3//pmf.txt
#Number of windows = 9
#Iteration 10:  0.052561
#Iteration 20:  0.009036
#Iteration 30:  0.001656
#Iteration 40:  0.000303
#Iteration 50:  0.000056
#Iteration 60:  0.000010
#Iteration 70:  0.000002
# Dumping simulation biases, in the metadata file order 
# Window  F (free energy units)
# 0	0.000000
# 1	-3.252180
# 2	-7.658682
# 3	-8.844452
# 4	-9.402418
# 5	-9.324780
# 6	-8.566540
# 7	-7.104055
# 8	-4.954815
# No MC error analysis requested
