# /home/btan/Software/WHAM/wham/wham/wham 1.0 2.0 100 1e-06 300 0 /home/btan/Documents/BD2_DCAF16_v2/umbrella_sampling/Boresch/results/backbone_RMSD/thetaB/run2//metafile.txt /home/btan/Documents/BD2_DCAF16_v2/umbrella_sampling/Boresch/results/backbone_RMSD/thetaB/run2//pmf.txt
#Number of windows = 11
#Iteration 10:  0.042774
#Iteration 20:  0.005995
#Iteration 30:  0.000801
#Iteration 40:  0.000107
#Iteration 50:  0.000014
#Iteration 60:  0.000002
# Dumping simulation biases, in the metadata file order 
# Window  F (free energy units)
# 0	0.000000
# 1	-2.768019
# 2	-4.774660
# 3	-6.008187
# 4	-6.454581
# 5	-6.108956
# 6	-4.980520
# 7	-3.092337
# 8	-0.471583
# 9	2.871102
# 10	6.950574
# No MC error analysis requested
