# /home/btan/Software/WHAM/wham/wham/wham -2.5 -1.5 200 1e-06 300 0 /home/btan/Documents/BD2_DCAF16_v2/umbrella_sampling/Boresch/results/backbone_RMSD/phiA/run2//metafile.txt /home/btan/Documents/BD2_DCAF16_v2/umbrella_sampling/Boresch/results/backbone_RMSD/phiA/run2//pmf.txt
#Number of windows = 11
#Iteration 10:  0.106219
#Iteration 20:  0.022750
#Iteration 30:  0.005633
#Iteration 40:  0.001395
#Iteration 50:  0.000345
#Iteration 60:  0.000085
#Iteration 70:  0.000021
#Iteration 80:  0.000005
#Iteration 90:  0.000001
# Dumping simulation biases, in the metadata file order 
# Window  F (free energy units)
# 0	0.000000
# 1	-3.673238
# 2	-6.822803
# 3	-9.321230
# 4	-11.110362
# 5	-12.225585
# 6	-12.733829
# 7	-12.624821
# 8	-11.825923
# 9	-10.290827
# 10	-8.012730
# No MC error analysis requested
